18:09:27 [main] INFO  -  RabbitMQ - Connection established
18:09:27 [main] INFO  -  Dispatcher Started
18:12:50 [main] INFO  -  RabbitMQ - Connection established
18:12:50 [main] INFO  -  Dispatcher Started
18:13:59 [pool-1-thread-7] INFO  -  [+] Dispatcher received msg from inputQueue
18:13:59 [pool-1-thread-7] ERROR - Consumer com.rabbitmq.client.impl.recovery.AutorecoveringChannel$2@79be99db (amq.ctag-Xha9SCNh0NDd24EpvlcAog) method handleDelivery for channel AMQChannel(amqp://admin@127.0.0.1:5672/,1) threw an exception for channel AMQChannel(amqp://admin@127.0.0.1:5672/,1)
com.google.gson.JsonSyntaxException: java.lang.IllegalStateException: Expected BEGIN_OBJECT but was STRING at line 1 column 1 path $
	at com.google.gson.internal.bind.ReflectiveTypeAdapterFactory$Adapter.read(ReflectiveTypeAdapterFactory.java:226)
	at com.google.gson.Gson.fromJson(Gson.java:927)
	at com.google.gson.Gson.fromJson(Gson.java:892)
	at com.google.gson.Gson.fromJson(Gson.java:841)
	at com.google.gson.Gson.fromJson(Gson.java:813)
	at punto3.Dispatcher.lambda$2(Dispatcher.java:154)
	at com.rabbitmq.client.impl.recovery.AutorecoveringChannel$2.handleDelivery(AutorecoveringChannel.java:585)
	at com.rabbitmq.client.impl.ConsumerDispatcher$5.run(ConsumerDispatcher.java:149)
	at com.rabbitmq.client.impl.ConsumerWorkService$WorkPoolRunnable.run(ConsumerWorkService.java:104)
	at java.util.concurrent.ThreadPoolExecutor.runWorker(Unknown Source)
	at java.util.concurrent.ThreadPoolExecutor$Worker.run(Unknown Source)
	at java.lang.Thread.run(Unknown Source)
Caused by: java.lang.IllegalStateException: Expected BEGIN_OBJECT but was STRING at line 1 column 1 path $
	at com.google.gson.stream.JsonReader.beginObject(JsonReader.java:385)
	at com.google.gson.internal.bind.ReflectiveTypeAdapterFactory$Adapter.read(ReflectiveTypeAdapterFactory.java:215)
	... 11 common frames omitted
18:35:37 [main] INFO  -  RabbitMQ - Connection established
18:35:37 [main] INFO  -  Dispatcher Started
18:38:11 [pool-1-thread-7] INFO  -  [+] Dispatcher received msg from inputQueue
18:38:11 [pool-1-thread-7] INFO  -  [+] Dispatcher sent msg to NodoA
18:38:11 [pool-1-thread-7] INFO  -  [+] Dispatcher waiting for outputQueue notify
18:38:41 [pool-1-thread-7] INFO  -  [!] Re-sending msg to NodoB
18:38:41 [pool-1-thread-7] INFO  -  [+] Current Node -> *NodoB
18:38:41 [pool-1-thread-7] INFO  -  [+] Dispatcher sent msg to NodoB
18:38:41 [pool-1-thread-7] INFO  -  [+] Dispatcher waiting for outputQueue notify
18:39:12 [pool-1-thread-7] INFO  -  [!] Re-sending msg to NodoC
18:39:12 [pool-1-thread-7] INFO  -  [+] Current Node -> *NodoC
18:39:12 [pool-1-thread-7] INFO  -  [+] Dispatcher sent msg to NodoC
18:39:12 [pool-1-thread-7] INFO  -  [+] Dispatcher waiting for outputQueue notify
18:39:43 [pool-1-thread-7] INFO  -  [-] All Nodes are down.
18:52:16 [main] INFO  -  RabbitMQ - Connection established
18:52:16 [main] INFO  -  Dispatcher Started
18:52:34 [pool-1-thread-7] INFO  -  [+] Dispatcher received msg from inputQueue
18:52:34 [pool-1-thread-7] ERROR - Consumer com.rabbitmq.client.impl.recovery.AutorecoveringChannel$2@20a94f56 (amq.ctag-MGGomYNlY6EyJEO_i87M-w) method handleDelivery for channel AMQChannel(amqp://admin@0:0:0:0:0:0:0:1:5672/,1) threw an exception for channel AMQChannel(amqp://admin@0:0:0:0:0:0:0:1:5672/,1)
com.google.gson.JsonSyntaxException: java.lang.IllegalStateException: Expected BEGIN_OBJECT but was STRING at line 1 column 1 path $
	at com.google.gson.internal.bind.ReflectiveTypeAdapterFactory$Adapter.read(ReflectiveTypeAdapterFactory.java:226)
	at com.google.gson.Gson.fromJson(Gson.java:927)
	at com.google.gson.Gson.fromJson(Gson.java:892)
	at com.google.gson.Gson.fromJson(Gson.java:841)
	at com.google.gson.Gson.fromJson(Gson.java:813)
	at punto3.Dispatcher.lambda$2(Dispatcher.java:154)
	at com.rabbitmq.client.impl.recovery.AutorecoveringChannel$2.handleDelivery(AutorecoveringChannel.java:585)
	at com.rabbitmq.client.impl.ConsumerDispatcher$5.run(ConsumerDispatcher.java:149)
	at com.rabbitmq.client.impl.ConsumerWorkService$WorkPoolRunnable.run(ConsumerWorkService.java:104)
	at java.util.concurrent.ThreadPoolExecutor.runWorker(Unknown Source)
	at java.util.concurrent.ThreadPoolExecutor$Worker.run(Unknown Source)
	at java.lang.Thread.run(Unknown Source)
Caused by: java.lang.IllegalStateException: Expected BEGIN_OBJECT but was STRING at line 1 column 1 path $
	at com.google.gson.stream.JsonReader.beginObject(JsonReader.java:385)
	at com.google.gson.internal.bind.ReflectiveTypeAdapterFactory$Adapter.read(ReflectiveTypeAdapterFactory.java:215)
	... 11 common frames omitted
18:59:43 [main] INFO  -  RabbitMQ - Connection established
18:59:43 [main] INFO  -  Dispatcher Started
19:01:18 [pool-1-thread-7] INFO  -  [+] Dispatcher received msg from inputQueue
19:01:18 [pool-1-thread-7] ERROR - Consumer com.rabbitmq.client.impl.recovery.AutorecoveringChannel$2@4f78b993 (amq.ctag-lroQHJp1zhIJ0DQdg8s4ug) method handleDelivery for channel AMQChannel(amqp://admin@127.0.0.1:5672/,1) threw an exception for channel AMQChannel(amqp://admin@127.0.0.1:5672/,1)
com.google.gson.JsonSyntaxException: java.lang.IllegalStateException: Expected BEGIN_OBJECT but was STRING at line 1 column 1 path $
	at com.google.gson.internal.bind.ReflectiveTypeAdapterFactory$Adapter.read(ReflectiveTypeAdapterFactory.java:226)
	at com.google.gson.Gson.fromJson(Gson.java:927)
	at com.google.gson.Gson.fromJson(Gson.java:892)
	at com.google.gson.Gson.fromJson(Gson.java:841)
	at com.google.gson.Gson.fromJson(Gson.java:813)
	at punto3.Dispatcher.lambda$2(Dispatcher.java:154)
	at com.rabbitmq.client.impl.recovery.AutorecoveringChannel$2.handleDelivery(AutorecoveringChannel.java:585)
	at com.rabbitmq.client.impl.ConsumerDispatcher$5.run(ConsumerDispatcher.java:149)
	at com.rabbitmq.client.impl.ConsumerWorkService$WorkPoolRunnable.run(ConsumerWorkService.java:104)
	at java.util.concurrent.ThreadPoolExecutor.runWorker(Unknown Source)
	at java.util.concurrent.ThreadPoolExecutor$Worker.run(Unknown Source)
	at java.lang.Thread.run(Unknown Source)
Caused by: java.lang.IllegalStateException: Expected BEGIN_OBJECT but was STRING at line 1 column 1 path $
	at com.google.gson.stream.JsonReader.beginObject(JsonReader.java:385)
	at com.google.gson.internal.bind.ReflectiveTypeAdapterFactory$Adapter.read(ReflectiveTypeAdapterFactory.java:215)
	... 11 common frames omitted
19:05:05 [main] INFO  -  RabbitMQ - Connection established
19:05:05 [main] INFO  -  Dispatcher Started
19:06:48 [pool-1-thread-7] INFO  -  [+] Dispatcher received msg from inputQueue
19:06:48 [pool-1-thread-7] INFO  -  [+] Dispatcher sent msg to NodoA
19:06:48 [pool-1-thread-7] INFO  -  [+] Dispatcher waiting for outputQueue notify
19:06:51 [pool-1-thread-7] INFO  -  [+] Msg notification arrived!
20:05:10 [main] INFO  -  RabbitMQ - Connection established
20:05:10 [main] INFO  -  Dispatcher Started
20:06:07 [main] INFO  -  RabbitMQ - Connection established
20:06:07 [main] INFO  -  Dispatcher Started
20:07:16 [pool-1-thread-7] INFO  -  [+] Dispatcher received msg from inputQueue
20:07:16 [pool-1-thread-7] INFO  -  [+] Dispatcher sent msg to NodoA
20:07:16 [pool-1-thread-7] INFO  -  [+] Dispatcher waiting for outputQueue notify
20:07:47 [pool-1-thread-7] INFO  -  [!] Re-sending msg to NodoB
20:07:47 [pool-1-thread-7] INFO  -  [+] Current Node -> *NodoB
20:07:47 [pool-1-thread-7] INFO  -  [+] Dispatcher sent msg to NodoB
20:07:47 [pool-1-thread-7] INFO  -  [+] Dispatcher waiting for outputQueue notify
20:08:18 [pool-1-thread-7] INFO  -  [!] Re-sending msg to NodoC
20:08:18 [pool-1-thread-7] INFO  -  [+] Current Node -> *NodoC
20:08:18 [pool-1-thread-7] INFO  -  [+] Dispatcher sent msg to NodoC
20:08:18 [pool-1-thread-7] INFO  -  [+] Dispatcher waiting for outputQueue notify
20:10:22 [main] INFO  -  RabbitMQ - Connection established
20:10:22 [main] INFO  -  Dispatcher Started
20:10:49 [pool-1-thread-7] INFO  -  [+] Dispatcher received msg from inputQueue
20:10:49 [pool-1-thread-7] INFO  -  [+] Dispatcher sent msg to NodoA
20:10:49 [pool-1-thread-7] INFO  -  [+] Dispatcher waiting for outputQueue notify
20:10:49 [pool-1-thread-7] INFO  -  [+] Msg notification arrived!
20:14:50 [main] INFO  -  RabbitMQ - Connection established
20:14:50 [main] INFO  -  Dispatcher Started
20:15:38 [pool-1-thread-7] INFO  -  [+] Dispatcher received msg from inputQueue
20:15:38 [pool-1-thread-7] INFO  -  [+] Dispatcher sent msg to NodoA
20:15:38 [pool-1-thread-7] INFO  -  [+] Dispatcher waiting for outputQueue notify
20:15:39 [pool-1-thread-7] INFO  -  [+] Msg notification arrived!
20:23:36 [main] INFO  -  RabbitMQ - Connection established
20:23:36 [main] INFO  -  Dispatcher Started
20:24:17 [pool-1-thread-7] INFO  -  [+] Dispatcher received msg from inputQueue
20:24:17 [pool-1-thread-7] INFO  -  [+] Dispatcher sent msg to NodoA
20:24:17 [pool-1-thread-7] INFO  -  [+] Dispatcher waiting for outputQueue notify
20:24:17 [pool-1-thread-7] INFO  -  [+] Msg notification arrived!
20:26:36 [main] INFO  -  RabbitMQ - Connection established
20:26:36 [main] INFO  -  Dispatcher Started
20:27:18 [pool-1-thread-7] INFO  -  [+] Dispatcher received msg from inputQueue
20:27:18 [pool-1-thread-7] INFO  -  [+] Dispatcher sent msg to NodoA
20:27:18 [pool-1-thread-7] INFO  -  [+] Dispatcher waiting for outputQueue notify
20:27:18 [pool-1-thread-7] INFO  -  [+] Msg notification arrived!
20:42:24 [main] INFO  -  RabbitMQ - Connection established
20:42:24 [main] INFO  -  Dispatcher Started
20:47:43 [pool-1-thread-7] INFO  -  [+] Dispatcher received msg from inputQueue
20:47:43 [pool-1-thread-7] INFO  -  [+] Dispatcher sent msg to NodoA
20:47:43 [pool-1-thread-7] INFO  -  [+] Dispatcher waiting for outputQueue notify
20:47:43 [pool-1-thread-7] INFO  -  [+] Msg notification arrived!
23:02:49 [main] INFO  -  RabbitMQ - Connection established
23:02:49 [main] INFO  -  Dispatcher Started
23:03:36 [pool-1-thread-7] INFO  -  [+] Dispatcher received msg from inputQueue
23:03:36 [pool-1-thread-7] INFO  -  [+] Dispatcher sent msg to NodoA
23:03:36 [pool-1-thread-7] INFO  -  [+] Dispatcher waiting for outputQueue notify
23:03:36 [pool-1-thread-7] INFO  -  [+] Msg notification arrived!
23:05:59 [main] INFO  -  RabbitMQ - Connection established
23:05:59 [main] INFO  -  Dispatcher Started
23:06:39 [pool-1-thread-7] INFO  -  [+] Dispatcher received msg from inputQueue
23:06:39 [pool-1-thread-7] INFO  -  [+] Dispatcher sent msg to NodoA
23:06:39 [pool-1-thread-7] INFO  -  [+] Dispatcher waiting for outputQueue notify
23:06:39 [pool-1-thread-7] INFO  -  [+] Msg notification arrived!
23:53:01 [main] INFO  -  RabbitMQ - Connection established
23:53:01 [main] INFO  -  Dispatcher Started
23:57:07 [pool-1-thread-7] INFO  -  [+] Dispatcher received msg from inputQueue
23:57:07 [pool-1-thread-7] INFO  -  [+] Dispatcher sent msg to NodoA
23:57:07 [pool-1-thread-7] INFO  -  [+] Dispatcher waiting for outputQueue notify
23:57:07 [pool-1-thread-7] INFO  -  [+] Msg notification arrived!
